

============================== 2025-10-06 19:39:31.827597 | c9f9c87e-75fe-4276-a85c-790cc1307591 ==============================
19:39:31.827606 [info ] [MainThread]: Running with dbt=1.1.1
19:39:31.827862 [debug] [MainThread]: running dbt with arguments {'write_json': True, 'use_colors': True, 'printer_width': 80, 'version_check': True, 'partial_parse': True, 'static_parser': True, 'profiles_dir': '/home/glenntachera/.dbt', 'send_anonymous_usage_stats': True, 'event_buffer_size': 100000, 'quiet': False, 'no_print': False, 'skip_profile_setup': False, 'which': 'init', 'indirect_selection': 'eager'}
19:39:31.827948 [debug] [MainThread]: Tracking: tracking
19:39:31.829251 [debug] [MainThread]: Sending event: {'category': 'dbt', 'action': 'invocation', 'label': 'start', 'context': [<snowplow_tracker.self_describing_json.SelfDescribingJson object at 0x7d8b5d299cc0>, <snowplow_tracker.self_describing_json.SelfDescribingJson object at 0x7d8b5d299e10>, <snowplow_tracker.self_describing_json.SelfDescribingJson object at 0x7d8b5d299db0>]}
19:40:05.410635 [debug] [MainThread]: Starter project path: /usr/local/lib/python3.10/dist-packages/dbt/include/starter_project
19:41:44.064069 [info ] [MainThread]: Profile tmob2514_deltacity written to /home/glenntachera/.dbt/profiles.yml using target's profile_template.yml and your supplied values. Run 'dbt debug' to validate the connection.
19:41:44.064420 [info ] [MainThread]: 
Your new dbt project "tmob2514_deltacity" was created!

For more information on how to configure the profiles.yml file,
please consult the dbt documentation here:

  https://docs.getdbt.com/docs/configure-your-profile

One more thing:

Need help? Don't hesitate to reach out to us via GitHub issues or on Slack:

  https://community.getdbt.com/

Happy modeling!

19:41:44.064639 [debug] [MainThread]: Sending event: {'category': 'dbt', 'action': 'invocation', 'label': 'end', 'context': [<snowplow_tracker.self_describing_json.SelfDescribingJson object at 0x7d8b5d24ad40>, <snowplow_tracker.self_describing_json.SelfDescribingJson object at 0x7d8b5bbc50f0>, <snowplow_tracker.self_describing_json.SelfDescribingJson object at 0x7d8b5bbc5180>]}


============================== 2025-10-06 19:42:27.714627 | aa757659-13d1-4b5b-baab-7179ef1e20d2 ==============================
19:42:27.714636 [info ] [MainThread]: Running with dbt=1.1.1
19:42:27.714879 [debug] [MainThread]: running dbt with arguments {'write_json': True, 'use_colors': True, 'printer_width': 80, 'version_check': True, 'partial_parse': True, 'static_parser': True, 'profiles_dir': '/home/glenntachera/.dbt', 'send_anonymous_usage_stats': True, 'event_buffer_size': 100000, 'quiet': False, 'no_print': False, 'skip_profile_setup': False, 'which': 'init', 'indirect_selection': 'eager'}
19:42:27.714958 [debug] [MainThread]: Tracking: tracking
19:42:27.716238 [debug] [MainThread]: Sending event: {'category': 'dbt', 'action': 'invocation', 'label': 'start', 'context': [<snowplow_tracker.self_describing_json.SelfDescribingJson object at 0x7203a0db1cc0>, <snowplow_tracker.self_describing_json.SelfDescribingJson object at 0x7203a0db1d50>, <snowplow_tracker.self_describing_json.SelfDescribingJson object at 0x7203a0db1cf0>]}
19:43:00.087819 [debug] [MainThread]: Starter project path: /usr/local/lib/python3.10/dist-packages/dbt/include/starter_project
19:43:02.243865 [info ] [MainThread]: 
Your new dbt project "tmob2514_reference" was created!

For more information on how to configure the profiles.yml file,
please consult the dbt documentation here:

  https://docs.getdbt.com/docs/configure-your-profile

One more thing:

Need help? Don't hesitate to reach out to us via GitHub issues or on Slack:

  https://community.getdbt.com/

Happy modeling!

19:43:02.244321 [debug] [MainThread]: Sending event: {'category': 'dbt', 'action': 'invocation', 'label': 'end', 'context': [<snowplow_tracker.self_describing_json.SelfDescribingJson object at 0x7203a0d628f0>, <snowplow_tracker.self_describing_json.SelfDescribingJson object at 0x7203a0d61690>, <snowplow_tracker.self_describing_json.SelfDescribingJson object at 0x7203a0c70220>]}
